Using pre-set license
Built from '2020.3/staging' branch; Version is '2020.3.18f1 (a7d1c678663c) revision 10998214'; Using compiler version '192528614'; Build Type 'Release'
OS: 'Windows 10 Enterprise; OS build 19043.1348; Version 2009; 64bit' Language: 'en' Physical Memory: 32605 MB
BatchMode: 1, IsHumanControllingUs: 0, StartBugReporterOnCrash: 0, Is64bit: 1, IsPro: 0

COMMAND LINE ARGUMENTS:
C:\Program Files\Unity\Hub\Editor\2020.3.18f1\Editor\Unity.exe
-adb2
-batchMode
-noUpm
-name
AssetImportWorker0
-projectPath
C:/Users/LCV2012568/Documents/GitHub/vrMobile/VRGame
-logFile
Logs/AssetImportWorker0.log
-srvPort
58352
Successfully changed project path to: C:/Users/LCV2012568/Documents/GitHub/vrMobile/VRGame
C:/Users/LCV2012568/Documents/GitHub/vrMobile/VRGame
Using Asset Import Pipeline V2.
Refreshing native plugins compatible for Editor in 47.72 ms, found 10 plugins.
Preloading 1 native plugins for Editor in 0.81 ms.
Initialize engine version: 2020.3.18f1 (a7d1c678663c)
[Subsystems] Discovering subsystems at path C:/Program Files/Unity/Hub/Editor/2020.3.18f1/Editor/Data/Resources/UnitySubsystems
[Subsystems] Discovering subsystems at path C:/Users/LCV2012568/Documents/GitHub/vrMobile/VRGame/Assets
GfxDevice: creating device client; threaded=0
Direct3D:
    Version:  Direct3D 11.0 [level 11.1]
    Renderer: NVIDIA GeForce GTX 1080 (ID=0x1b80)
    Vendor:   
    VRAM:     8079 MB
    Driver:   30.0.14.7212
Initialize mono
Mono path[0] = 'C:/Program Files/Unity/Hub/Editor/2020.3.18f1/Editor/Data/Managed'
Mono path[1] = 'C:/Program Files/Unity/Hub/Editor/2020.3.18f1/Editor/Data/MonoBleedingEdge/lib/mono/unityjit'
Mono config path = 'C:/Program Files/Unity/Hub/Editor/2020.3.18f1/Editor/Data/MonoBleedingEdge/etc'
Using monoOptions --debugger-agent=transport=dt_socket,embedding=1,server=y,suspend=n,address=127.0.0.1:56804
Begin MonoManager ReloadAssembly
Registering precompiled unity dll's ...
Register platform support module: C:/Program Files/Unity/Hub/Editor/2020.3.18f1/Editor/Data/PlaybackEngines/WebGLSupport/UnityEditor.WebGL.Extensions.dll
Register platform support module: C:/Program Files/Unity/Hub/Editor/2020.3.18f1/Editor/Data/PlaybackEngines/WindowsStandaloneSupport/UnityEditor.WindowsStandalone.Extensions.dll
Registered in 0.002121 seconds.
Native extension for WindowsStandalone target not found
Native extension for WebGL target not found
Refreshing native plugins compatible for Editor in 40.47 ms, found 10 plugins.
Preloading 1 native plugins for Editor in 0.07 ms.
Mono: successfully reloaded assembly
- Completed reload, in  1.957 seconds
Domain Reload Profiling:
	ReloadAssembly (1957ms)
		BeginReloadAssembly (55ms)
			ExecutionOrderSort (0ms)
			DisableScriptedObjects (0ms)
			BackupInstance (0ms)
			ReleaseScriptingObjects (0ms)
			CreateAndSetChildDomain (1ms)
		EndReloadAssembly (431ms)
			LoadAssemblies (52ms)
			RebuildTransferFunctionScriptingTraits (0ms)
			SetupTypeCache (177ms)
			ReleaseScriptCaches (0ms)
			RebuildScriptCaches (29ms)
			SetupLoadedEditorAssemblies (156ms)
				LogAssemblyErrors (0ms)
				InitializePlatformSupportModulesInManaged (5ms)
				SetLoadedEditorAssemblies (0ms)
				RefreshPlugins (41ms)
				BeforeProcessingInitializeOnLoad (13ms)
				ProcessInitializeOnLoadAttributes (73ms)
				ProcessInitializeOnLoadMethodAttributes (24ms)
				AfterProcessingInitializeOnLoad (0ms)
				EditorAssembliesLoaded (0ms)
			ExecutionOrderSort2 (0ms)
			AwakeInstancesAfterBackupRestoration (0ms)
Platform modules already initialized, skipping
Registering precompiled user dll's ...
Registered in 0.009548 seconds.
Begin MonoManager ReloadAssembly
Symbol file data-0000021621231E20 doesn't match image C:\Users\LCV2012568\Documents\GitHub\vrMobile\VRGame\Library\ScriptAssemblies\Unity.TextMeshPro.Editor.dll
Symbol file LoadedFromMemory is not a mono symbol file
Symbol file data-00000216225774B0 doesn't match image C:\Users\LCV2012568\Documents\GitHub\vrMobile\VRGame\Library\ScriptAssemblies\Unity.XR.OpenXR.Features.OculusQuestSupport.Editor.dll
Symbol file LoadedFromMemory is not a mono symbol file
Symbol file data-0000021621EA6020 doesn't match image C:\Users\LCV2012568\Documents\GitHub\vrMobile\VRGame\Library\ScriptAssemblies\Unity.XR.Interaction.Toolkit.dll
Symbol file LoadedFromMemory is not a mono symbol file
Symbol file data-00000215FD1F6870 doesn't match image C:\Users\LCV2012568\Documents\GitHub\vrMobile\VRGame\Library\ScriptAssemblies\Unity.XR.OpenXR.Features.MockRuntime.dll
Symbol file LoadedFromMemory is not a mono symbol file
Symbol file data-00000215FCA43030 doesn't match image C:\Users\LCV2012568\Documents\GitHub\vrMobile\VRGame\Library\ScriptAssemblies\Unity.XR.OpenXR.Features.OculusQuestSupport.dll
Symbol file LoadedFromMemory is not a mono symbol file
Symbol file data-00000216229A9020 doesn't match image C:\Users\LCV2012568\Documents\GitHub\vrMobile\VRGame\Library\ScriptAssemblies\Unity.XR.CoreUtils.Editor.dll
Symbol file LoadedFromMemory is not a mono symbol file
Symbol file data-0000021621EE6EC0 doesn't match image C:\Users\LCV2012568\Documents\GitHub\vrMobile\VRGame\Library\ScriptAssemblies\Unity.XR.OpenXR.TestHelpers.dll
Symbol file LoadedFromMemory is not a mono symbol file
Symbol file data-0000021621391E60 doesn't match image C:\Users\LCV2012568\Documents\GitHub\vrMobile\VRGame\Library\ScriptAssemblies\Unity.XR.OpenXR.Editor.dll
Symbol file LoadedFromMemory is not a mono symbol file
Symbol file data-00000216215D7010 doesn't match image C:\Users\LCV2012568\Documents\GitHub\vrMobile\VRGame\Library\ScriptAssemblies\Unity.Timeline.Editor.dll
Symbol file LoadedFromMemory is not a mono symbol file
Symbol file data-00000215FCEFE640 doesn't match image C:\Users\LCV2012568\Documents\GitHub\vrMobile\VRGame\Library\ScriptAssemblies\Unity.XR.CoreUtils.dll
Symbol file LoadedFromMemory is not a mono symbol file
Symbol file data-0000021621806240 doesn't match image C:\Users\LCV2012568\Documents\GitHub\vrMobile\VRGame\Library\ScriptAssemblies\UnityEditor.XR.LegacyInputHelpers.dll
Symbol file LoadedFromMemory is not a mono symbol file
Symbol file data-00000215FD0D3720 doesn't match image C:\Users\LCV2012568\Documents\GitHub\vrMobile\VRGame\Library\ScriptAssemblies\Unity.XR.OpenXR.Features.RuntimeDebugger.dll
Symbol file LoadedFromMemory is not a mono symbol file
Symbol file data-00000215FCAC5030 doesn't match image C:\Users\LCV2012568\Documents\GitHub\vrMobile\VRGame\Library\ScriptAssemblies\Unity.XR.Oculus.Editor.dll
Symbol file LoadedFromMemory is not a mono symbol file
Symbol file data-00000215FCEFE640 doesn't match image C:\Users\LCV2012568\Documents\GitHub\vrMobile\VRGame\Library\ScriptAssemblies\Unity.XR.OpenXR.dll
Symbol file LoadedFromMemory is not a mono symbol file
Symbol file data-0000021622C82780 doesn't match image C:\Users\LCV2012568\Documents\GitHub\vrMobile\VRGame\Library\ScriptAssemblies\Unity.XR.OpenXR.Features.ConformanceAutomation.dll
Symbol file LoadedFromMemory is not a mono symbol file
Symbol file data-0000021622B163C0 doesn't match image C:\Users\LCV2012568\Documents\GitHub\vrMobile\VRGame\Library\ScriptAssemblies\Unity.XR.Interaction.Toolkit.Editor.dll
Symbol file LoadedFromMemory is not a mono symbol file
Symbol file data-00000215FCB52590 doesn't match image C:\Users\LCV2012568\Documents\GitHub\vrMobile\VRGame\Library\ScriptAssemblies\Unity.XR.OpenXR.Features.RuntimeDebugger.Editor.dll
Symbol file LoadedFromMemory is not a mono symbol file
Symbol file data-00000215FCAF87C0 doesn't match image C:\Users\LCV2012568\Documents\GitHub\vrMobile\VRGame\Library\ScriptAssemblies\Unity.XR.OpenXR.Features.MockDriver.dll
Symbol file LoadedFromMemory is not a mono symbol file
Symbol file data-00000215FCAE1640 doesn't match image C:\Users\LCV2012568\Documents\GitHub\vrMobile\VRGame\Library\ScriptAssemblies\Unity.XR.Oculus.dll
Symbol file LoadedFromMemory is not a mono symbol file
Native extension for WindowsStandalone target not found
Native extension for WebGL target not found
Refreshing native plugins compatible for Editor in 34.57 ms, found 10 plugins.
Preloading 1 native plugins for Editor in 0.07 ms.
[XR] OculusXRPlugin: registering subsystems
[XR] Unable to register display lifecyle provider: [1]
[XR] Oculus Input lifecycle provider registered.
[XR] Unable to register input lifecyle provider: [1]
System.Reflection.TargetInvocationException: Exception has been thrown by the target of an invocation. ---> System.NullReferenceException: Object reference not set to an instance of an object
  at Unity.XR.Oculus.OculusLoader.AssetPathToAbsolutePath (System.String assetPath) [0x0004e] in <d245d81e86d94ab4bfcb981bbfdb45ac>:0 
  at Unity.XR.Oculus.OculusLoader.EditorLoadOVRPlugin () [0x0007b] in <d245d81e86d94ab4bfcb981bbfdb45ac>:0 
  at (wrapper managed-to-native) System.Reflection.MonoMethod.InternalInvoke(System.Reflection.MonoMethod,object,object[],System.Exception&)
  at System.Reflection.MonoMethod.Invoke (System.Object obj, System.Reflection.BindingFlags invokeAttr, System.Reflection.Binder binder, System.Object[] parameters, System.Globalization.CultureInfo culture) [0x00032] in <695d1cc93cca45069c528c15c9fdd749>:0 
   --- End of inner exception stack trace ---
  at System.Reflection.MonoMethod.Invoke (System.Object obj, System.Reflection.BindingFlags invokeAttr, System.Reflection.Binder binder, System.Object[] parameters, System.Globalization.CultureInfo culture) [0x00048] in <695d1cc93cca45069c528c15c9fdd749>:0 
  at System.Reflection.MethodBase.Invoke (System.Object obj, System.Object[] parameters) [0x00000] in <695d1cc93cca45069c528c15c9fdd749>:0 
  at UnityEditor.EditorAssemblies.ProcessInitializeOnLoadMethodAttributes () [0x00047] in <5ad584e208e14caaa9e6b2e6027e9204>:0 
UnityEngine.StackTraceUtility:ExtractStackTrace ()
UnityEngine.DebugLogHandler:LogFormat (UnityEngine.LogType,UnityEngine.Object,string,object[])
UnityEngine.Logger:Log (UnityEngine.LogType,object)
UnityEngine.Debug:LogError (object)
UnityEditor.EditorAssemblies:ProcessInitializeOnLoadMethodAttributes ()

Mono: successfully reloaded assembly
- Completed reload, in  1.062 seconds
Domain Reload Profiling:
	ReloadAssembly (1062ms)
		BeginReloadAssembly (131ms)
			ExecutionOrderSort (0ms)
			DisableScriptedObjects (4ms)
			BackupInstance (0ms)
			ReleaseScriptingObjects (0ms)
			CreateAndSetChildDomain (18ms)
		EndReloadAssembly (876ms)
			LoadAssemblies (87ms)
			RebuildTransferFunctionScriptingTraits (0ms)
			SetupTypeCache (260ms)
			ReleaseScriptCaches (0ms)
			RebuildScriptCaches (46ms)
			SetupLoadedEditorAssemblies (366ms)
				LogAssemblyErrors (0ms)
				InitializePlatformSupportModulesInManaged (4ms)
				SetLoadedEditorAssemblies (0ms)
				RefreshPlugins (35ms)
				BeforeProcessingInitializeOnLoad (80ms)
				ProcessInitializeOnLoadAttributes (229ms)
				ProcessInitializeOnLoadMethodAttributes (11ms)
				AfterProcessingInitializeOnLoad (6ms)
				EditorAssembliesLoaded (0ms)
			ExecutionOrderSort2 (0ms)
			AwakeInstancesAfterBackupRestoration (5ms)
Platform modules already initialized, skipping
========================================================================
Worker process is ready to serve import requests
Launched and connected shader compiler UnityShaderCompiler.exe after 0.06 seconds
Refreshing native plugins compatible for Editor in 0.96 ms, found 10 plugins.
Preloading 1 native plugins for Editor in 0.10 ms.
Unloading 2237 Unused Serialized files (Serialized files now loaded: 0)
System memory in use before: 166.1 MB.
System memory in use after: 166.2 MB.

Unloading 38 unused Assets to reduce memory usage. Loaded Objects now: 2679.
Total: 6.109900 ms (FindLiveObjects: 0.359200 ms CreateObjectMapping: 0.142900 ms MarkObjects: 5.515800 ms  DeleteObjects: 0.090500 ms)

AssetImportParameters requested are different than current active one (requested -> active):
  custom:framework-win-MediaFoundation: 216162199b28c13a410421893ffa2e32 -> 
  custom:video-decoder-ogg-theora: a1e56fd34408186e4bbccfd4996cb3dc -> 
  custom:container-muxer-webm: aa71ff27fc2769a1b78a27578f13a17b -> 
  custom:container-demuxer-webm: 4f35f7cbe854078d1ac9338744f61a02 -> 
  custom:container-demuxer-ogg: 62fdf1f143b41e24485cea50d1cbac27 -> 
  custom:video-encoder-webm-vp8: eb34c28f22e8b96e1ab97ce403110664 -> 
  custom:video-decoder-webm-vp8: 9c59270c3fd7afecdb556c50c9e8de78 -> 
  custom:audio-decoder-ogg-vorbis: bf7c407c2cedff20999df2af8eb42d56 -> 
  custom:audio-encoder-webm-vorbis: bf7c407c2cedff20999df2af8eb42d56 -> 
========================================================================
Received Import Request.
  path: Assets/BOXOPHOBIC/Skybox Cubemap Extended/Core/Editor/Boxophobic.SkyboxCubemapExtended.Editor.asmdef
  artifactKey: Guid(29bc400970c5066438cbde7676418b75) Importer(815301076,1909f56bfc062723c751e8b465ee728b)
Start importing Assets/BOXOPHOBIC/Skybox Cubemap Extended/Core/Editor/Boxophobic.SkyboxCubemapExtended.Editor.asmdef using Guid(29bc400970c5066438cbde7676418b75) Importer(815301076,1909f56bfc062723c751e8b465ee728b)  -> (artifact id: '27129d603556971b868a7e6fd1116653') in 0.029179 seconds 
  Import took 0.034029 seconds .

========================================================================
Received Import Request.
  Time since last request: 0.000233 seconds.
  path: Assets/BOXOPHOBIC/Skybox Cubemap Extended/Core/Editor/Version.asset
  artifactKey: Guid(cb530898cc05d744da0941d6160f7b92) Importer(815301076,1909f56bfc062723c751e8b465ee728b)
Start importing Assets/BOXOPHOBIC/Skybox Cubemap Extended/Core/Editor/Version.asset using Guid(cb530898cc05d744da0941d6160f7b92) Importer(815301076,1909f56bfc062723c751e8b465ee728b)  -> (artifact id: 'ad891f91cccd8a35980a21aaa9de0a22') in 0.008459 seconds 
  Import took 0.011676 seconds .

========================================================================
Received Import Request.
  Time since last request: 19.161193 seconds.
  path: Assets/BOXOPHOBIC/Skybox Cubemap Extended/Demo/Materials/Skybox Cubemap Extended Night.mat
  artifactKey: Guid(cc421da483ed06c49933077a621bff25) Importer(815301076,1909f56bfc062723c751e8b465ee728b)
Start importing Assets/BOXOPHOBIC/Skybox Cubemap Extended/Demo/Materials/Skybox Cubemap Extended Night.mat using Guid(cc421da483ed06c49933077a621bff25) Importer(815301076,1909f56bfc062723c751e8b465ee728b)  -> (artifact id: 'a854e68e25d8b16cc26ff25bd62f4139') in 0.265756 seconds 
  Import took 0.277726 seconds .

========================================================================
Received Import Request.
  Time since last request: 0.000282 seconds.
  path: Assets/Materials/Purple.mat
  artifactKey: Guid(268066776045c0b438cfaa7d3c6722ce) Importer(815301076,1909f56bfc062723c751e8b465ee728b)
Start importing Assets/Materials/Purple.mat using Guid(268066776045c0b438cfaa7d3c6722ce) Importer(815301076,1909f56bfc062723c751e8b465ee728b)  -> (artifact id: 'e086a61fe711b6b6f5d71f163b7048b4') in 0.012577 seconds 
  Import took 0.016043 seconds .

========================================================================
Received Import Request.
  Time since last request: 0.000290 seconds.
  path: Assets/BOXOPHOBIC/Skybox Cubemap Extended/Demo/Materials/Skybox Cubemap Extended Blend.mat
  artifactKey: Guid(1cf6f4c6e6e0518419839d3f5448dd99) Importer(815301076,1909f56bfc062723c751e8b465ee728b)
Start importing Assets/BOXOPHOBIC/Skybox Cubemap Extended/Demo/Materials/Skybox Cubemap Extended Blend.mat using Guid(1cf6f4c6e6e0518419839d3f5448dd99) Importer(815301076,1909f56bfc062723c751e8b465ee728b)  -> (artifact id: '0ebe33fad82b802d764c2d8772154e04') in 0.375481 seconds 
  Import took 0.392419 seconds .

========================================================================
Received Import Request.
  Time since last request: 0.000311 seconds.
  path: Assets/Materials/Black.mat
  artifactKey: Guid(bfad7318e8c971a4fa3d43bf6875386d) Importer(815301076,1909f56bfc062723c751e8b465ee728b)
Start importing Assets/Materials/Black.mat using Guid(bfad7318e8c971a4fa3d43bf6875386d) Importer(815301076,1909f56bfc062723c751e8b465ee728b)  -> (artifact id: '7ea3b07fd8e56b6858e0bcb9cbb83975') in 0.011411 seconds 
  Import took 0.014747 seconds .

========================================================================
Received Import Request.
  Time since last request: 0.000360 seconds.
  path: Assets/BOXOPHOBIC/Skybox Cubemap Extended/Demo/Materials/LowPoly - Terrain.mat
  artifactKey: Guid(2557d3f1d341fdb4e9d53179c053ffd5) Importer(815301076,1909f56bfc062723c751e8b465ee728b)
Start importing Assets/BOXOPHOBIC/Skybox Cubemap Extended/Demo/Materials/LowPoly - Terrain.mat using Guid(2557d3f1d341fdb4e9d53179c053ffd5) Importer(815301076,1909f56bfc062723c751e8b465ee728b)  -> (artifact id: 'ee515897ea0a82efc860161dc5b48f1e') in 0.010967 seconds 
  Import took 0.014318 seconds .

========================================================================
Received Import Request.
  Time since last request: 0.000278 seconds.
  path: Assets/BOXOPHOBIC/Skybox Cubemap Extended/Demo/Materials/LowPoly - Rock.mat
  artifactKey: Guid(37524ae4594222f4f8acd7b76234f79a) Importer(815301076,1909f56bfc062723c751e8b465ee728b)
Start importing Assets/BOXOPHOBIC/Skybox Cubemap Extended/Demo/Materials/LowPoly - Rock.mat using Guid(37524ae4594222f4f8acd7b76234f79a) Importer(815301076,1909f56bfc062723c751e8b465ee728b)  -> (artifact id: '86e89ab093e7b083d7c7a6bf18eeabbf') in 0.010296 seconds 
  Import took 0.013736 seconds .

========================================================================
Received Import Request.
  Time since last request: 0.000275 seconds.
  path: Assets/BOXOPHOBIC/Skybox Cubemap Extended/Demo/Materials/LowPoly - TreeTrunk.mat
  artifactKey: Guid(2a8f9a878cb7cff45b00339938d945ce) Importer(815301076,1909f56bfc062723c751e8b465ee728b)
Start importing Assets/BOXOPHOBIC/Skybox Cubemap Extended/Demo/Materials/LowPoly - TreeTrunk.mat using Guid(2a8f9a878cb7cff45b00339938d945ce) Importer(815301076,1909f56bfc062723c751e8b465ee728b)  -> (artifact id: '7ee6d7262b7cb326d11cba4937ad69b5') in 0.009904 seconds 
  Import took 0.013173 seconds .

========================================================================
Received Import Request.
  Time since last request: 0.000284 seconds.
  path: Assets/BOXOPHOBIC/Skybox Cubemap Extended/Demo/Materials/LowPoly - FirTree.mat
  artifactKey: Guid(138b35dd321622a4d93635b532ae8b8e) Importer(815301076,1909f56bfc062723c751e8b465ee728b)
Start importing Assets/BOXOPHOBIC/Skybox Cubemap Extended/Demo/Materials/LowPoly - FirTree.mat using Guid(138b35dd321622a4d93635b532ae8b8e) Importer(815301076,1909f56bfc062723c751e8b465ee728b)  -> (artifact id: '8653cd67dbe8bf4ff9630e86abfeff21') in 0.009270 seconds 
  Import took 0.012214 seconds .

========================================================================
Received Import Request.
  Time since last request: 0.000235 seconds.
  path: Assets/BOXOPHOBIC/Skybox Cubemap Extended/Demo/Materials/LowPoly - Grass.mat
  artifactKey: Guid(6fc6652ed834922468cdd63bb95f7fe2) Importer(815301076,1909f56bfc062723c751e8b465ee728b)
Start importing Assets/BOXOPHOBIC/Skybox Cubemap Extended/Demo/Materials/LowPoly - Grass.mat using Guid(6fc6652ed834922468cdd63bb95f7fe2) Importer(815301076,1909f56bfc062723c751e8b465ee728b)  -> (artifact id: '310f0f340f8e922b047b24cef8ebd695') in 0.010493 seconds 
  Import took 0.013299 seconds .

========================================================================
Received Import Request.
  Time since last request: 0.000267 seconds.
  path: Assets/BOXOPHOBIC/Skybox Cubemap Extended/Demo/Materials/LowPoly - FirTreeVariation.mat
  artifactKey: Guid(0f74119e82d3b3a4d9b2842dbaa2a6ee) Importer(815301076,1909f56bfc062723c751e8b465ee728b)
Start importing Assets/BOXOPHOBIC/Skybox Cubemap Extended/Demo/Materials/LowPoly - FirTreeVariation.mat using Guid(0f74119e82d3b3a4d9b2842dbaa2a6ee) Importer(815301076,1909f56bfc062723c751e8b465ee728b)  -> (artifact id: '2d79cf32e6df0f08453fc0eb39ee308a') in 0.009454 seconds 
  Import took 0.012138 seconds .

========================================================================
Received Import Request.
  Time since last request: 0.000268 seconds.
  path: Assets/BOXOPHOBIC/Skybox Cubemap Extended/Demo/Materials/Skybox Cubemap Extended Day.mat
  artifactKey: Guid(2bd8959f5fbd3644aa33af1a155fc147) Importer(815301076,1909f56bfc062723c751e8b465ee728b)
Start importing Assets/BOXOPHOBIC/Skybox Cubemap Extended/Demo/Materials/Skybox Cubemap Extended Day.mat using Guid(2bd8959f5fbd3644aa33af1a155fc147) Importer(815301076,1909f56bfc062723c751e8b465ee728b)  -> (artifact id: '203e9191d93a837a320f7df7061eb60c') in 0.099745 seconds 
  Import took 0.106129 seconds .

========================================================================
Received Import Request.
  Time since last request: 0.000264 seconds.
  path: Assets/BOXOPHOBIC/Skybox Cubemap Extended/Demo/Materials/LowPoly - Grass.mat
  artifactKey: Guid(6fc6652ed834922468cdd63bb95f7fe2) Importer(815301076,1909f56bfc062723c751e8b465ee728b)
Start importing Assets/BOXOPHOBIC/Skybox Cubemap Extended/Demo/Materials/LowPoly - Grass.mat using Guid(6fc6652ed834922468cdd63bb95f7fe2) Importer(815301076,1909f56bfc062723c751e8b465ee728b)  -> (artifact id: '310f0f340f8e922b047b24cef8ebd695') in 0.011669 seconds 
  Import took 0.014864 seconds .

========================================================================
Received Import Request.
  Time since last request: 0.000217 seconds.
  path: Assets/BOXOPHOBIC/Skybox Cubemap Extended/Demo/Materials/LowPoly - Wood.mat
  artifactKey: Guid(ff059fc016fcf8d4a88162b27e334cba) Importer(815301076,1909f56bfc062723c751e8b465ee728b)
Start importing Assets/BOXOPHOBIC/Skybox Cubemap Extended/Demo/Materials/LowPoly - Wood.mat using Guid(ff059fc016fcf8d4a88162b27e334cba) Importer(815301076,1909f56bfc062723c751e8b465ee728b)  -> (artifact id: '4c2942ae2fbdaeb001be49f1ccafaa0b') in 0.009986 seconds 
  Import took 0.013142 seconds .

========================================================================
Received Import Request.
  Time since last request: 29.693613 seconds.
  path: Assets/BOXOPHOBIC/Skybox Cubemap Extended/Core/Editor/SkyboxExtendedWindows.cs
  artifactKey: Guid(7c986bd7ffe2fa34a857eb813db03d77) Importer(815301076,1909f56bfc062723c751e8b465ee728b)
Start importing Assets/BOXOPHOBIC/Skybox Cubemap Extended/Core/Editor/SkyboxExtendedWindows.cs using Guid(7c986bd7ffe2fa34a857eb813db03d77) Importer(815301076,1909f56bfc062723c751e8b465ee728b)  -> (artifact id: 'd5cf3fe91809af3c94eb0e52632ef743') in 0.030238 seconds 
  Import took 0.033284 seconds .

========================================================================
Received Import Request.
  Time since last request: 30.928007 seconds.
  path: Assets/BOXOPHOBIC/Skybox Cubemap Extended/Core/Editor/SkyboxExtendedShaderGUI.cs
  artifactKey: Guid(39b7f3695c062924983675fcef51f7f8) Importer(815301076,1909f56bfc062723c751e8b465ee728b)
Start importing Assets/BOXOPHOBIC/Skybox Cubemap Extended/Core/Editor/SkyboxExtendedShaderGUI.cs using Guid(39b7f3695c062924983675fcef51f7f8) Importer(815301076,1909f56bfc062723c751e8b465ee728b)  -> (artifact id: '68ddef5cd8b04d72f5a83635cfb996f2') in 0.006150 seconds 
  Import took 0.009428 seconds .

========================================================================
Received Import Request.
  Time since last request: 1.530941 seconds.
  path: Assets/BOXOPHOBIC/Skybox Cubemap Extended/Core/Editor/SkyboxExtendedHub.cs
  artifactKey: Guid(749c07eaa2f91bc4f81ccd7adddcb723) Importer(815301076,1909f56bfc062723c751e8b465ee728b)
Start importing Assets/BOXOPHOBIC/Skybox Cubemap Extended/Core/Editor/SkyboxExtendedHub.cs using Guid(749c07eaa2f91bc4f81ccd7adddcb723) Importer(815301076,1909f56bfc062723c751e8b465ee728b)  -> (artifact id: '3396bff853a59b1b567fde15bc881165') in 0.004809 seconds 
  Import took 0.008330 seconds .

========================================================================
Received Prepare
Registering precompiled user dll's ...
Registered in 0.006478 seconds.
Begin MonoManager ReloadAssembly
Native extension for WindowsStandalone target not found
Native extension for WebGL target not found
Refreshing native plugins compatible for Editor in 0.64 ms, found 10 plugins.
Preloading 1 native plugins for Editor in 0.09 ms.
System.Reflection.TargetInvocationException: Exception has been thrown by the target of an invocation. ---> System.NullReferenceException: Object reference not set to an instance of an object
  at Unity.XR.Oculus.OculusLoader.AssetPathToAbsolutePath (System.String assetPath) [0x00048] in C:\Users\LCV2012568\Documents\GitHub\vrMobile\VRGame\Library\PackageCache\com.unity.xr.oculus@1.10.0\Runtime\OculusLoader.cs:250 
  at Unity.XR.Oculus.OculusLoader.EditorLoadOVRPlugin () [0x0007b] in C:\Users\LCV2012568\Documents\GitHub\vrMobile\VRGame\Library\PackageCache\com.unity.xr.oculus@1.10.0\Runtime\OculusLoader.cs:235 
  at (wrapper managed-to-native) System.Reflection.MonoMethod.InternalInvoke(System.Reflection.MonoMethod,object,object[],System.Exception&)
  at System.Reflection.MonoMethod.Invoke (System.Object obj, System.Reflection.BindingFlags invokeAttr, System.Reflection.Binder binder, System.Object[] parameters, System.Globalization.CultureInfo culture) [0x00032] in <695d1cc93cca45069c528c15c9fdd749>:0 
   --- End of inner exception stack trace ---
  at System.Reflection.MonoMethod.Invoke (System.Object obj, System.Reflection.BindingFlags invokeAttr, System.Reflection.Binder binder, System.Object[] parameters, System.Globalization.CultureInfo culture) [0x00048] in <695d1cc93cca45069c528c15c9fdd749>:0 
  at System.Reflection.MethodBase.Invoke (System.Object obj, System.Object[] parameters) [0x00000] in <695d1cc93cca45069c528c15c9fdd749>:0 
  at UnityEditor.EditorAssemblies.ProcessInitializeOnLoadMethodAttributes () [0x00047] in <5ad584e208e14caaa9e6b2e6027e9204>:0 
UnityEngine.StackTraceUtility:ExtractStackTrace ()
UnityEngine.DebugLogHandler:LogFormat (UnityEngine.LogType,UnityEngine.Object,string,object[])
UnityEngine.Logger:Log (UnityEngine.LogType,object)
UnityEngine.Debug:LogError (object)
UnityEditor.EditorAssemblies:ProcessInitializeOnLoadMethodAttributes ()

Mono: successfully reloaded assembly
- Completed reload, in  0.976 seconds
Domain Reload Profiling:
	ReloadAssembly (976ms)
		BeginReloadAssembly (125ms)
			ExecutionOrderSort (0ms)
			DisableScriptedObjects (3ms)
			BackupInstance (0ms)
			ReleaseScriptingObjects (0ms)
			CreateAndSetChildDomain (35ms)
		EndReloadAssembly (783ms)
			LoadAssemblies (88ms)
			RebuildTransferFunctionScriptingTraits (0ms)
			SetupTypeCache (250ms)
			ReleaseScriptCaches (1ms)
			RebuildScriptCaches (36ms)
			SetupLoadedEditorAssemblies (303ms)
				LogAssemblyErrors (0ms)
				InitializePlatformSupportModulesInManaged (4ms)
				SetLoadedEditorAssemblies (0ms)
				RefreshPlugins (1ms)
				BeforeProcessingInitializeOnLoad (69ms)
				ProcessInitializeOnLoadAttributes (213ms)
				ProcessInitializeOnLoadMethodAttributes (10ms)
				AfterProcessingInitializeOnLoad (6ms)
				EditorAssembliesLoaded (0ms)
			ExecutionOrderSort2 (0ms)
			AwakeInstancesAfterBackupRestoration (6ms)
Platform modules already initialized, skipping
Refreshing native plugins compatible for Editor in 0.68 ms, found 10 plugins.
Preloading 1 native plugins for Editor in 0.07 ms.
Unloading 2209 Unused Serialized files (Serialized files now loaded: 0)
System memory in use before: 168.8 MB.
System memory in use after: 169.0 MB.

Unloading 31 unused Assets to reduce memory usage. Loaded Objects now: 2722.
Total: 3.218600 ms (FindLiveObjects: 0.202900 ms CreateObjectMapping: 0.067300 ms MarkObjects: 2.927600 ms  DeleteObjects: 0.019900 ms)

AssetImportParameters requested are different than current active one (requested -> active):
  custom:framework-win-MediaFoundation: 216162199b28c13a410421893ffa2e32 -> 
  custom:video-decoder-ogg-theora: a1e56fd34408186e4bbccfd4996cb3dc -> 
  custom:container-muxer-webm: aa71ff27fc2769a1b78a27578f13a17b -> 
  custom:container-demuxer-webm: 4f35f7cbe854078d1ac9338744f61a02 -> 
  custom:container-demuxer-ogg: 62fdf1f143b41e24485cea50d1cbac27 -> 
  custom:video-encoder-webm-vp8: eb34c28f22e8b96e1ab97ce403110664 -> 
  custom:video-decoder-webm-vp8: 9c59270c3fd7afecdb556c50c9e8de78 -> 
  custom:audio-decoder-ogg-vorbis: bf7c407c2cedff20999df2af8eb42d56 -> 
  custom:audio-encoder-webm-vorbis: bf7c407c2cedff20999df2af8eb42d56 -> 
========================================================================
Received Prepare
Registering precompiled user dll's ...
Registered in 0.006576 seconds.
Begin MonoManager ReloadAssembly
Native extension for WindowsStandalone target not found
Native extension for WebGL target not found
Refreshing native plugins compatible for Editor in 0.61 ms, found 10 plugins.
Preloading 1 native plugins for Editor in 0.09 ms.
System.Reflection.TargetInvocationException: Exception has been thrown by the target of an invocation. ---> System.NullReferenceException: Object reference not set to an instance of an object
  at Unity.XR.Oculus.OculusLoader.AssetPathToAbsolutePath (System.String assetPath) [0x00048] in C:\Users\LCV2012568\Documents\GitHub\vrMobile\VRGame\Library\PackageCache\com.unity.xr.oculus@1.10.0\Runtime\OculusLoader.cs:250 
  at Unity.XR.Oculus.OculusLoader.EditorLoadOVRPlugin () [0x0007b] in C:\Users\LCV2012568\Documents\GitHub\vrMobile\VRGame\Library\PackageCache\com.unity.xr.oculus@1.10.0\Runtime\OculusLoader.cs:235 
  at (wrapper managed-to-native) System.Reflection.MonoMethod.InternalInvoke(System.Reflection.MonoMethod,object,object[],System.Exception&)
  at System.Reflection.MonoMethod.Invoke (System.Object obj, System.Reflection.BindingFlags invokeAttr, System.Reflection.Binder binder, System.Object[] parameters, System.Globalization.CultureInfo culture) [0x00032] in <695d1cc93cca45069c528c15c9fdd749>:0 
   --- End of inner exception stack trace ---
  at System.Reflection.MonoMethod.Invoke (System.Object obj, System.Reflection.BindingFlags invokeAttr, System.Reflection.Binder binder, System.Object[] parameters, System.Globalization.CultureInfo culture) [0x00048] in <695d1cc93cca45069c528c15c9fdd749>:0 
  at System.Reflection.MethodBase.Invoke (System.Object obj, System.Object[] parameters) [0x00000] in <695d1cc93cca45069c528c15c9fdd749>:0 
  at UnityEditor.EditorAssemblies.ProcessInitializeOnLoadMethodAttributes () [0x00047] in <5ad584e208e14caaa9e6b2e6027e9204>:0 
UnityEngine.StackTraceUtility:ExtractStackTrace ()
UnityEngine.DebugLogHandler:LogFormat (UnityEngine.LogType,UnityEngine.Object,string,object[])
UnityEngine.Logger:Log (UnityEngine.LogType,object)
UnityEngine.Debug:LogError (object)
UnityEditor.EditorAssemblies:ProcessInitializeOnLoadMethodAttributes ()

Mono: successfully reloaded assembly
- Completed reload, in  0.922 seconds
Domain Reload Profiling:
	ReloadAssembly (922ms)
		BeginReloadAssembly (101ms)
			ExecutionOrderSort (0ms)
			DisableScriptedObjects (4ms)
			BackupInstance (0ms)
			ReleaseScriptingObjects (0ms)
			CreateAndSetChildDomain (29ms)
		EndReloadAssembly (756ms)
			LoadAssemblies (75ms)
			RebuildTransferFunctionScriptingTraits (0ms)
			SetupTypeCache (249ms)
			ReleaseScriptCaches (1ms)
			RebuildScriptCaches (36ms)
			SetupLoadedEditorAssemblies (289ms)
				LogAssemblyErrors (0ms)
				InitializePlatformSupportModulesInManaged (5ms)
				SetLoadedEditorAssemblies (0ms)
				RefreshPlugins (1ms)
				BeforeProcessingInitializeOnLoad (67ms)
				ProcessInitializeOnLoadAttributes (201ms)
				ProcessInitializeOnLoadMethodAttributes (10ms)
				AfterProcessingInitializeOnLoad (6ms)
				EditorAssembliesLoaded (0ms)
			ExecutionOrderSort2 (0ms)
			AwakeInstancesAfterBackupRestoration (6ms)
Platform modules already initialized, skipping
Refreshing native plugins compatible for Editor in 0.63 ms, found 10 plugins.
Preloading 1 native plugins for Editor in 0.07 ms.
Unloading 2209 Unused Serialized files (Serialized files now loaded: 0)
System memory in use before: 168.8 MB.
System memory in use after: 169.0 MB.

Unloading 31 unused Assets to reduce memory usage. Loaded Objects now: 2725.
Total: 3.206700 ms (FindLiveObjects: 0.212900 ms CreateObjectMapping: 0.079100 ms MarkObjects: 2.894200 ms  DeleteObjects: 0.019700 ms)

AssetImportParameters requested are different than current active one (requested -> active):
  custom:framework-win-MediaFoundation: 216162199b28c13a410421893ffa2e32 -> 
  custom:video-decoder-ogg-theora: a1e56fd34408186e4bbccfd4996cb3dc -> 
  custom:container-muxer-webm: aa71ff27fc2769a1b78a27578f13a17b -> 
  custom:container-demuxer-webm: 4f35f7cbe854078d1ac9338744f61a02 -> 
  custom:container-demuxer-ogg: 62fdf1f143b41e24485cea50d1cbac27 -> 
  custom:video-encoder-webm-vp8: eb34c28f22e8b96e1ab97ce403110664 -> 
  custom:video-decoder-webm-vp8: 9c59270c3fd7afecdb556c50c9e8de78 -> 
  custom:audio-decoder-ogg-vorbis: bf7c407c2cedff20999df2af8eb42d56 -> 
  custom:audio-encoder-webm-vorbis: bf7c407c2cedff20999df2af8eb42d56 -> 
========================================================================
Received Prepare
Registering precompiled user dll's ...
Registered in 0.006443 seconds.
Begin MonoManager ReloadAssembly
Native extension for WindowsStandalone target not found
Native extension for WebGL target not found
Refreshing native plugins compatible for Editor in 0.72 ms, found 10 plugins.
Preloading 1 native plugins for Editor in 0.08 ms.
System.Reflection.TargetInvocationException: Exception has been thrown by the target of an invocation. ---> System.NullReferenceException: Object reference not set to an instance of an object
  at Unity.XR.Oculus.OculusLoader.AssetPathToAbsolutePath (System.String assetPath) [0x00048] in C:\Users\LCV2012568\Documents\GitHub\vrMobile\VRGame\Library\PackageCache\com.unity.xr.oculus@1.10.0\Runtime\OculusLoader.cs:250 
  at Unity.XR.Oculus.OculusLoader.EditorLoadOVRPlugin () [0x0007b] in C:\Users\LCV2012568\Documents\GitHub\vrMobile\VRGame\Library\PackageCache\com.unity.xr.oculus@1.10.0\Runtime\OculusLoader.cs:235 
  at (wrapper managed-to-native) System.Reflection.MonoMethod.InternalInvoke(System.Reflection.MonoMethod,object,object[],System.Exception&)
  at System.Reflection.MonoMethod.Invoke (System.Object obj, System.Reflection.BindingFlags invokeAttr, System.Reflection.Binder binder, System.Object[] parameters, System.Globalization.CultureInfo culture) [0x00032] in <695d1cc93cca45069c528c15c9fdd749>:0 
   --- End of inner exception stack trace ---
  at System.Reflection.MonoMethod.Invoke (System.Object obj, System.Reflection.BindingFlags invokeAttr, System.Reflection.Binder binder, System.Object[] parameters, System.Globalization.CultureInfo culture) [0x00048] in <695d1cc93cca45069c528c15c9fdd749>:0 
  at System.Reflection.MethodBase.Invoke (System.Object obj, System.Object[] parameters) [0x00000] in <695d1cc93cca45069c528c15c9fdd749>:0 
  at UnityEditor.EditorAssemblies.ProcessInitializeOnLoadMethodAttributes () [0x00047] in <5ad584e208e14caaa9e6b2e6027e9204>:0 
UnityEngine.StackTraceUtility:ExtractStackTrace ()
UnityEngine.DebugLogHandler:LogFormat (UnityEngine.LogType,UnityEngine.Object,string,object[])
UnityEngine.Logger:Log (UnityEngine.LogType,object)
UnityEngine.Debug:LogError (object)
UnityEditor.EditorAssemblies:ProcessInitializeOnLoadMethodAttributes ()

Mono: successfully reloaded assembly
- Completed reload, in  0.898 seconds
Domain Reload Profiling:
	ReloadAssembly (898ms)
		BeginReloadAssembly (113ms)
			ExecutionOrderSort (0ms)
			DisableScriptedObjects (4ms)
			BackupInstance (0ms)
			ReleaseScriptingObjects (0ms)
			CreateAndSetChildDomain (32ms)
		EndReloadAssembly (734ms)
			LoadAssemblies (75ms)
			RebuildTransferFunctionScriptingTraits (0ms)
			SetupTypeCache (230ms)
			ReleaseScriptCaches (1ms)
			RebuildScriptCaches (34ms)
			SetupLoadedEditorAssemblies (291ms)
				LogAssemblyErrors (0ms)
				InitializePlatformSupportModulesInManaged (4ms)
				SetLoadedEditorAssemblies (0ms)
				RefreshPlugins (1ms)
				BeforeProcessingInitializeOnLoad (68ms)
				ProcessInitializeOnLoadAttributes (202ms)
				ProcessInitializeOnLoadMethodAttributes (10ms)
				AfterProcessingInitializeOnLoad (6ms)
				EditorAssembliesLoaded (0ms)
			ExecutionOrderSort2 (0ms)
			AwakeInstancesAfterBackupRestoration (6ms)
Platform modules already initialized, skipping
Refreshing native plugins compatible for Editor in 0.60 ms, found 10 plugins.
Preloading 1 native plugins for Editor in 0.07 ms.
Unloading 2209 Unused Serialized files (Serialized files now loaded: 0)
System memory in use before: 168.9 MB.
System memory in use after: 169.1 MB.

Unloading 31 unused Assets to reduce memory usage. Loaded Objects now: 2728.
Total: 3.497300 ms (FindLiveObjects: 0.277900 ms CreateObjectMapping: 0.121700 ms MarkObjects: 3.071800 ms  DeleteObjects: 0.025000 ms)

AssetImportParameters requested are different than current active one (requested -> active):
  custom:framework-win-MediaFoundation: 216162199b28c13a410421893ffa2e32 -> 
  custom:video-decoder-ogg-theora: a1e56fd34408186e4bbccfd4996cb3dc -> 
  custom:container-muxer-webm: aa71ff27fc2769a1b78a27578f13a17b -> 
  custom:container-demuxer-webm: 4f35f7cbe854078d1ac9338744f61a02 -> 
  custom:container-demuxer-ogg: 62fdf1f143b41e24485cea50d1cbac27 -> 
  custom:video-encoder-webm-vp8: eb34c28f22e8b96e1ab97ce403110664 -> 
  custom:video-decoder-webm-vp8: 9c59270c3fd7afecdb556c50c9e8de78 -> 
  custom:audio-decoder-ogg-vorbis: bf7c407c2cedff20999df2af8eb42d56 -> 
  custom:audio-encoder-webm-vorbis: bf7c407c2cedff20999df2af8eb42d56 -> 
AssetImportWorkerClient::OnTransportError - code=2 error=End of file
